[debug] [2019-07-09T13:49:33.145Z] ----------------------------------------------------------------------
[debug] [2019-07-09T13:49:33.151Z] Command:       /home/faith/.nvm/versions/node/v8.9.4/bin/node /home/faith/.nvm/versions/node/v8.9.4/bin/firebase init
[debug] [2019-07-09T13:49:33.152Z] CLI Version:   7.0.2
[debug] [2019-07-09T13:49:33.152Z] Platform:      linux
[debug] [2019-07-09T13:49:33.152Z] Node Version:  v8.9.4
[debug] [2019-07-09T13:49:33.153Z] Time:          Tue Jul 09 2019 16:49:33 GMT+0300 (DST)
[debug] [2019-07-09T13:49:33.153Z] ----------------------------------------------------------------------
[debug] 
[debug] [2019-07-09T13:49:33.168Z] > command requires scopes: ["email","openid","https://www.googleapis.com/auth/cloudplatformprojects.readonly","https://www.googleapis.com/auth/firebase","https://www.googleapis.com/auth/cloud-platform"]
[debug] [2019-07-09T13:49:33.169Z] > authorizing via signed-in user
[info] 
     ######## #### ########  ######## ########     ###     ######  ########
     ##        ##  ##     ## ##       ##     ##  ##   ##  ##       ##
     ######    ##  ########  ######   ########  #########  ######  ######
     ##        ##  ##    ##  ##       ##     ## ##     ##       ## ##
     ##       #### ##     ## ######## ########  ##     ##  ######  ########

You're about to initialize a Firebase project in this directory:

  /mnt/e/vueProjects/matatu-booking

Before we get started, keep in mind:

  * You are currently outside your home directory

[info] 
=== Project Setup
[info] 
[info] First, let's associate this project directory with a Firebase project.
[info] You can create multiple project aliases by running firebase use --add, 
[info] but for now we'll just set up a default project.
[info] 
[debug] [2019-07-09T13:49:50.481Z] >>> HTTP REQUEST GET https://firebase.googleapis.com/v1beta1/projects?page_size=100  
 
[debug] [2019-07-09T13:49:51.610Z] <<< HTTP RESPONSE 200
[info] 
=== Database Setup
[info] 
[info] Firebase Realtime Database Rules allow you to define how your data should be
[info] structured and when your data can be read from and written to.
[info] 
[debug] [2019-07-09T13:52:13.223Z] Error: EISDIR: illegal operation on a directory, open '/mnt/e/vueProjects/matatu-booking'
    at Object.fs.openSync (fs.js:646:18)
    at Object.fs.writeFileSync (fs.js:1291:33)
    at Config.writeProjectFile (/home/faith/.nvm/versions/node/v8.9.4/lib/node_modules/firebase-tools/lib/config.js:179:8)
    at /home/faith/.nvm/versions/node/v8.9.4/lib/node_modules/firebase-tools/lib/init/features/database.js:25:23
    at <anonymous>
    at process._tickDomainCallback (internal/process/next_tick.js:228:7)
[error] 
[error] Error: An unexpected error has occurred.
[debug] [2019-07-09T13:52:35.784Z] ----------------------------------------------------------------------
[debug] [2019-07-09T13:52:35.791Z] Command:       /home/faith/.nvm/versions/node/v8.9.4/bin/node /home/faith/.nvm/versions/node/v8.9.4/bin/firebase init
[debug] [2019-07-09T13:52:35.791Z] CLI Version:   7.0.2
[debug] [2019-07-09T13:52:35.791Z] Platform:      linux
[debug] [2019-07-09T13:52:35.792Z] Node Version:  v8.9.4
[debug] [2019-07-09T13:52:35.792Z] Time:          Tue Jul 09 2019 16:52:35 GMT+0300 (DST)
[debug] [2019-07-09T13:52:35.792Z] ----------------------------------------------------------------------
[debug] 
[debug] [2019-07-09T13:52:35.809Z] > command requires scopes: ["email","openid","https://www.googleapis.com/auth/cloudplatformprojects.readonly","https://www.googleapis.com/auth/firebase","https://www.googleapis.com/auth/cloud-platform"]
[debug] [2019-07-09T13:52:35.810Z] > authorizing via signed-in user
[info] 
     ######## #### ########  ######## ########     ###     ######  ########
     ##        ##  ##     ## ##       ##     ##  ##   ##  ##       ##
     ######    ##  ########  ######   ########  #########  ######  ######
     ##        ##  ##    ##  ##       ##     ## ##     ##       ## ##
     ##       #### ##     ## ######## ########  ##     ##  ######  ########

You're about to initialize a Firebase project in this directory:

  /mnt/e/vueProjects/matatu-booking

Before we get started, keep in mind:

  * You are currently outside your home directory

[info] 
=== Project Setup
[info] 
[info] First, let's associate this project directory with a Firebase project.
[info] You can create multiple project aliases by running firebase use --add, 
[info] but for now we'll just set up a default project.
[info] 
[debug] [2019-07-09T13:52:45.013Z] >>> HTTP REQUEST GET https://firebase.googleapis.com/v1beta1/projects?page_size=100  
 
[debug] [2019-07-09T13:52:45.933Z] <<< HTTP RESPONSE 200
[info] i  Using project blog-project-848c9 (blog-project)
[info] 
=== Database Setup
[info] 
[info] Firebase Realtime Database Rules allow you to define how your data should be
[info] structured and when your data can be read from and written to.
[info] 
[debug] [2019-07-09T13:54:06.433Z] >>> HTTP REQUEST GET https://blog-project-848c9.firebaseio.com/.settings/rules.json  
 
[debug] [2019-07-09T13:54:07.920Z] <<< HTTP RESPONSE 200
[info] ✔  Database Rules for blog-project-848c9 have been downloaded to [matatu-booking].
[info] Future modifications to [matatu-booking] will update Database Rules when you run
[info] firebase deploy.
[info] 
=== Firestore Setup
[debug] [2019-07-09T13:54:07.954Z] > command requires scopes: ["email","openid","https://www.googleapis.com/auth/cloudplatformprojects.readonly","https://www.googleapis.com/auth/firebase","https://www.googleapis.com/auth/cloud-platform"]
[debug] [2019-07-09T13:54:07.955Z] > authorizing via signed-in user
[debug] [2019-07-09T13:54:07.956Z] >>> HTTP REQUEST GET https://firebase.googleapis.com/v1beta1/projects/blog-project-848c9  
 
[debug] [2019-07-09T13:54:08.392Z] <<< HTTP RESPONSE 200
[info] 
[info] Firestore Security Rules allow you to define how and when to allow
[info] requests. You can keep these rules in your project directory
[info] and publish them with firebase deploy.
[info] 
[info] 
[info] Firestore indexes allow you to perform complex queries while
[info] maintaining performance that scales with the size of the result
[info] set. You can keep index definitions in your project directory
[info] and publish them with firebase deploy.
[info] 
[debug] [2019-07-09T13:54:55.589Z] >>> HTTP REQUEST GET https://firestore.googleapis.com/v1beta2/projects/blog-project-848c9/databases/(default)/collectionGroups/-/indexes  
 
[debug] [2019-07-09T13:54:55.590Z] >>> HTTP REQUEST GET https://firestore.googleapis.com/v1beta2/projects/blog-project-848c9/databases/(default)/collectionGroups/-/fields?filter=indexConfig.usesAncestorConfig=false  
 
[debug] [2019-07-09T13:54:57.183Z] <<< HTTP RESPONSE 200
[debug] [2019-07-09T13:54:57.278Z] <<< HTTP RESPONSE 200
[info] 
=== Functions Setup
[info] 
[info] A functions directory will be created in your project with a Node.js
[info] package pre-configured. Functions can be deployed with firebase deploy.
[info] 
[debug] [2019-07-09T13:54:57.301Z] > command requires scopes: ["email","openid","https://www.googleapis.com/auth/cloudplatformprojects.readonly","https://www.googleapis.com/auth/firebase","https://www.googleapis.com/auth/cloud-platform"]
[debug] [2019-07-09T13:54:57.303Z] > authorizing via signed-in user
[debug] [2019-07-09T13:54:57.303Z] >>> HTTP REQUEST GET https://firebase.googleapis.com/v1beta1/projects/blog-project-848c9  
 
[debug] [2019-07-09T13:54:57.778Z] <<< HTTP RESPONSE 200
[debug] [2019-07-09T13:54:57.786Z] >>> HTTP REQUEST PATCH https://servicemanagement.googleapis.com/v1/services/cloudfunctions.googleapis.com/projectSettings/blog-project-848c9?updateMask=usageSettings  

[debug] [2019-07-09T13:54:57.788Z] >>> HTTP REQUEST PATCH https://servicemanagement.googleapis.com/v1/services/runtimeconfig.googleapis.com/projectSettings/blog-project-848c9?updateMask=usageSettings  

[debug] [2019-07-09T13:55:00.860Z] <<< HTTP RESPONSE 200
[debug] [2019-07-09T13:55:00.890Z] <<< HTTP RESPONSE 200
[info] ✔  Wrote functions/package.json
[info] ✔  Wrote functions/.eslintrc.json
[info] ✔  Wrote functions/index.js
[info] ✔  Wrote functions/.gitignore
[info] 
=== Hosting Setup
[info] 
[info] Your public directory is the folder (relative to your project directory) that
[info] will contain Hosting assets to be uploaded with firebase deploy. If you
[info] have a build process for your assets, use your build's output directory.
[info] 
[debug] [2019-07-09T13:56:43.670Z] >>> HTTP REQUEST GET https://www.gstatic.com/firebasejs/releases.json  
 
[debug] [2019-07-09T13:56:44.267Z] <<< HTTP RESPONSE 200
[debug] [2019-07-09T13:56:44.898Z] Error: ENOTDIR: not a directory, open '/mnt/e/vueProjects/matatu-booking/[matatu-booking]/index.html'
    at Object.fs.openSync (fs.js:646:18)
    at Object.fs.writeFileSync (fs.js:1291:33)
    at Object.createFileSync (/home/faith/.nvm/versions/node/v8.9.4/lib/node_modules/firebase-tools/node_modules/fs-extra/lib/ensure/file.js:34:6)
    at Config.writeProjectFile (/home/faith/.nvm/versions/node/v8.9.4/lib/node_modules/firebase-tools/lib/config.js:178:8)
    at /home/faith/.nvm/versions/node/v8.9.4/lib/node_modules/firebase-tools/lib/config.js:197:18
    at <anonymous>
    at process._tickDomainCallback (internal/process/next_tick.js:228:7)
[error] 
[error] Error: An unexpected error has occurred.
